This is pdfTeX, Version 3.14159265-2.6-1.40.15 (TeX Live 2015/dev/Debian) (preloaded format=pdflatex 2016.7.1)  20 JUL 2016 17:09
entering extended mode
 restricted \write18 enabled.
 %&-line parsing enabled.
**thesis.tex
(./thesis.tex
LaTeX2e <2014/05/01>
Babel <3.9l> and hyphenation patterns for 4 languages loaded.
(/usr/share/texlive/texmf-dist/tex/latex/base/book.cls
Document Class: book 2014/09/29 v1.4h Standard LaTeX document class
(/usr/share/texlive/texmf-dist/tex/latex/base/bk12.clo
File: bk12.clo 2014/09/29 v1.4h Standard LaTeX file (size option)
)
\c@part=\count79
\c@chapter=\count80
\c@section=\count81
\c@subsection=\count82
\c@subsubsection=\count83
\c@paragraph=\count84
\c@subparagraph=\count85
\c@figure=\count86
\c@table=\count87
\abovecaptionskip=\skip41
\belowcaptionskip=\skip42
\bibindent=\dimen102
)
(/usr/share/texlive/texmf-dist/tex/latex/base/inputenc.sty
Package: inputenc 2014/04/30 v1.2b Input encoding file
\inpenc@prehook=\toks14
\inpenc@posthook=\toks15

(/usr/share/texlive/texmf-dist/tex/latex/base/utf8.def
File: utf8.def 2014/09/29 v1.1m UTF-8 support for inputenc
Now handling font encoding OML ...
... no UTF-8 mapping file for font encoding OML
Now handling font encoding T1 ...
... processing UTF-8 mapping file for font encoding T1

(/usr/share/texlive/texmf-dist/tex/latex/base/t1enc.dfu
File: t1enc.dfu 2014/09/29 v1.1m UTF-8 support for inputenc
   defining Unicode char U+00A1 (decimal 161)
   defining Unicode char U+00A3 (decimal 163)
   defining Unicode char U+00AB (decimal 171)
   defining Unicode char U+00BB (decimal 187)
   defining Unicode char U+00BF (decimal 191)
   defining Unicode char U+00C0 (decimal 192)
   defining Unicode char U+00C1 (decimal 193)
   defining Unicode char U+00C2 (decimal 194)
   defining Unicode char U+00C3 (decimal 195)
   defining Unicode char U+00C4 (decimal 196)
   defining Unicode char U+00C5 (decimal 197)
   defining Unicode char U+00C6 (decimal 198)
   defining Unicode char U+00C7 (decimal 199)
   defining Unicode char U+00C8 (decimal 200)
   defining Unicode char U+00C9 (decimal 201)
   defining Unicode char U+00CA (decimal 202)
   defining Unicode char U+00CB (decimal 203)
   defining Unicode char U+00CC (decimal 204)
   defining Unicode char U+00CD (decimal 205)
   defining Unicode char U+00CE (decimal 206)
   defining Unicode char U+00CF (decimal 207)
   defining Unicode char U+00D0 (decimal 208)
   defining Unicode char U+00D1 (decimal 209)
   defining Unicode char U+00D2 (decimal 210)
   defining Unicode char U+00D3 (decimal 211)
   defining Unicode char U+00D4 (decimal 212)
   defining Unicode char U+00D5 (decimal 213)
   defining Unicode char U+00D6 (decimal 214)
   defining Unicode char U+00D8 (decimal 216)
   defining Unicode char U+00D9 (decimal 217)
   defining Unicode char U+00DA (decimal 218)
   defining Unicode char U+00DB (decimal 219)
   defining Unicode char U+00DC (decimal 220)
   defining Unicode char U+00DD (decimal 221)
   defining Unicode char U+00DE (decimal 222)
   defining Unicode char U+00DF (decimal 223)
   defining Unicode char U+00E0 (decimal 224)
   defining Unicode char U+00E1 (decimal 225)
   defining Unicode char U+00E2 (decimal 226)
   defining Unicode char U+00E3 (decimal 227)
   defining Unicode char U+00E4 (decimal 228)
   defining Unicode char U+00E5 (decimal 229)
   defining Unicode char U+00E6 (decimal 230)
   defining Unicode char U+00E7 (decimal 231)
   defining Unicode char U+00E8 (decimal 232)
   defining Unicode char U+00E9 (decimal 233)
   defining Unicode char U+00EA (decimal 234)
   defining Unicode char U+00EB (decimal 235)
   defining Unicode char U+00EC (decimal 236)
   defining Unicode char U+00ED (decimal 237)
   defining Unicode char U+00EE (decimal 238)
   defining Unicode char U+00EF (decimal 239)
   defining Unicode char U+00F0 (decimal 240)
   defining Unicode char U+00F1 (decimal 241)
   defining Unicode char U+00F2 (decimal 242)
   defining Unicode char U+00F3 (decimal 243)
   defining Unicode char U+00F4 (decimal 244)
   defining Unicode char U+00F5 (decimal 245)
   defining Unicode char U+00F6 (decimal 246)
   defining Unicode char U+00F8 (decimal 248)
   defining Unicode char U+00F9 (decimal 249)
   defining Unicode char U+00FA (decimal 250)
   defining Unicode char U+00FB (decimal 251)
   defining Unicode char U+00FC (decimal 252)
   defining Unicode char U+00FD (decimal 253)
   defining Unicode char U+00FE (decimal 254)
   defining Unicode char U+00FF (decimal 255)
   defining Unicode char U+0102 (decimal 258)
   defining Unicode char U+0103 (decimal 259)
   defining Unicode char U+0104 (decimal 260)
   defining Unicode char U+0105 (decimal 261)
   defining Unicode char U+0106 (decimal 262)
   defining Unicode char U+0107 (decimal 263)
   defining Unicode char U+010C (decimal 268)
   defining Unicode char U+010D (decimal 269)
   defining Unicode char U+010E (decimal 270)
   defining Unicode char U+010F (decimal 271)
   defining Unicode char U+0110 (decimal 272)
   defining Unicode char U+0111 (decimal 273)
   defining Unicode char U+0118 (decimal 280)
   defining Unicode char U+0119 (decimal 281)
   defining Unicode char U+011A (decimal 282)
   defining Unicode char U+011B (decimal 283)
   defining Unicode char U+011E (decimal 286)
   defining Unicode char U+011F (decimal 287)
   defining Unicode char U+0130 (decimal 304)
   defining Unicode char U+0131 (decimal 305)
   defining Unicode char U+0132 (decimal 306)
   defining Unicode char U+0133 (decimal 307)
   defining Unicode char U+0139 (decimal 313)
   defining Unicode char U+013A (decimal 314)
   defining Unicode char U+013D (decimal 317)
   defining Unicode char U+013E (decimal 318)
   defining Unicode char U+0141 (decimal 321)
   defining Unicode char U+0142 (decimal 322)
   defining Unicode char U+0143 (decimal 323)
   defining Unicode char U+0144 (decimal 324)
   defining Unicode char U+0147 (decimal 327)
   defining Unicode char U+0148 (decimal 328)
   defining Unicode char U+014A (decimal 330)
   defining Unicode char U+014B (decimal 331)
   defining Unicode char U+0150 (decimal 336)
   defining Unicode char U+0151 (decimal 337)
   defining Unicode char U+0152 (decimal 338)
   defining Unicode char U+0153 (decimal 339)
   defining Unicode char U+0154 (decimal 340)
   defining Unicode char U+0155 (decimal 341)
   defining Unicode char U+0158 (decimal 344)
   defining Unicode char U+0159 (decimal 345)
   defining Unicode char U+015A (decimal 346)
   defining Unicode char U+015B (decimal 347)
   defining Unicode char U+015E (decimal 350)
   defining Unicode char U+015F (decimal 351)
   defining Unicode char U+0160 (decimal 352)
   defining Unicode char U+0161 (decimal 353)
   defining Unicode char U+0162 (decimal 354)
   defining Unicode char U+0163 (decimal 355)
   defining Unicode char U+0164 (decimal 356)
   defining Unicode char U+0165 (decimal 357)
   defining Unicode char U+016E (decimal 366)
   defining Unicode char U+016F (decimal 367)
   defining Unicode char U+0170 (decimal 368)
   defining Unicode char U+0171 (decimal 369)
   defining Unicode char U+0178 (decimal 376)
   defining Unicode char U+0179 (decimal 377)
   defining Unicode char U+017A (decimal 378)
   defining Unicode char U+017B (decimal 379)
   defining Unicode char U+017C (decimal 380)
   defining Unicode char U+017D (decimal 381)
   defining Unicode char U+017E (decimal 382)
   defining Unicode char U+200C (decimal 8204)
   defining Unicode char U+2013 (decimal 8211)
   defining Unicode char U+2014 (decimal 8212)
   defining Unicode char U+2018 (decimal 8216)
   defining Unicode char U+2019 (decimal 8217)
   defining Unicode char U+201A (decimal 8218)
   defining Unicode char U+201C (decimal 8220)
   defining Unicode char U+201D (decimal 8221)
   defining Unicode char U+201E (decimal 8222)
   defining Unicode char U+2030 (decimal 8240)
   defining Unicode char U+2031 (decimal 8241)
   defining Unicode char U+2039 (decimal 8249)
   defining Unicode char U+203A (decimal 8250)
   defining Unicode char U+2423 (decimal 9251)
)
Now handling font encoding OT1 ...
... processing UTF-8 mapping file for font encoding OT1

(/usr/share/texlive/texmf-dist/tex/latex/base/ot1enc.dfu
File: ot1enc.dfu 2014/09/29 v1.1m UTF-8 support for inputenc
   defining Unicode char U+00A1 (decimal 161)
   defining Unicode char U+00A3 (decimal 163)
   defining Unicode char U+00B8 (decimal 184)
   defining Unicode char U+00BF (decimal 191)
   defining Unicode char U+00C5 (decimal 197)
   defining Unicode char U+00C6 (decimal 198)
   defining Unicode char U+00D8 (decimal 216)
   defining Unicode char U+00DF (decimal 223)
   defining Unicode char U+00E6 (decimal 230)
   defining Unicode char U+00EC (decimal 236)
   defining Unicode char U+00ED (decimal 237)
   defining Unicode char U+00EE (decimal 238)
   defining Unicode char U+00EF (decimal 239)
   defining Unicode char U+00F8 (decimal 248)
   defining Unicode char U+0131 (decimal 305)
   defining Unicode char U+0141 (decimal 321)
   defining Unicode char U+0142 (decimal 322)
   defining Unicode char U+0152 (decimal 338)
   defining Unicode char U+0153 (decimal 339)
   defining Unicode char U+2013 (decimal 8211)
   defining Unicode char U+2014 (decimal 8212)
   defining Unicode char U+2018 (decimal 8216)
   defining Unicode char U+2019 (decimal 8217)
   defining Unicode char U+201C (decimal 8220)
   defining Unicode char U+201D (decimal 8221)
)
Now handling font encoding OMS ...
... processing UTF-8 mapping file for font encoding OMS

(/usr/share/texlive/texmf-dist/tex/latex/base/omsenc.dfu
File: omsenc.dfu 2014/09/29 v1.1m UTF-8 support for inputenc
   defining Unicode char U+00A7 (decimal 167)
   defining Unicode char U+00B6 (decimal 182)
   defining Unicode char U+00B7 (decimal 183)
   defining Unicode char U+2020 (decimal 8224)
   defining Unicode char U+2021 (decimal 8225)
   defining Unicode char U+2022 (decimal 8226)
)
Now handling font encoding OMX ...
... no UTF-8 mapping file for font encoding OMX
Now handling font encoding U ...
... no UTF-8 mapping file for font encoding U
   defining Unicode char U+00A9 (decimal 169)
   defining Unicode char U+00AA (decimal 170)
   defining Unicode char U+00AE (decimal 174)
   defining Unicode char U+00BA (decimal 186)
   defining Unicode char U+02C6 (decimal 710)
   defining Unicode char U+02DC (decimal 732)
   defining Unicode char U+200C (decimal 8204)
   defining Unicode char U+2026 (decimal 8230)
   defining Unicode char U+2122 (decimal 8482)
   defining Unicode char U+2423 (decimal 9251)
))
(/usr/share/texlive/texmf-dist/tex/latex/geometry/geometry.sty
Package: geometry 2010/09/12 v5.6 Page Geometry

(/usr/share/texlive/texmf-dist/tex/latex/graphics/keyval.sty
Package: keyval 2014/05/08 v1.15 key=value parser (DPC)
\KV@toks@=\toks16
)
(/usr/share/texlive/texmf-dist/tex/generic/oberdiek/ifpdf.sty
Package: ifpdf 2011/01/30 v2.3 Provides the ifpdf switch (HO)
Package ifpdf Info: pdfTeX in PDF mode is detected.
)
(/usr/share/texlive/texmf-dist/tex/generic/oberdiek/ifvtex.sty
Package: ifvtex 2010/03/01 v1.5 Detect VTeX and its facilities (HO)
Package ifvtex Info: VTeX not detected.
)
(/usr/share/texlive/texmf-dist/tex/generic/ifxetex/ifxetex.sty
Package: ifxetex 2010/09/12 v0.6 Provides ifxetex conditional
)
\Gm@cnth=\count88
\Gm@cntv=\count89
\c@Gm@tempcnt=\count90
\Gm@bindingoffset=\dimen103
\Gm@wd@mp=\dimen104
\Gm@odd@mp=\dimen105
\Gm@even@mp=\dimen106
\Gm@layoutwidth=\dimen107
\Gm@layoutheight=\dimen108
\Gm@layouthoffset=\dimen109
\Gm@layoutvoffset=\dimen110
\Gm@dimlist=\toks17
)
(/usr/share/texlive/texmf-dist/tex/latex/amsmath/amsmath.sty
Package: amsmath 2013/01/14 v2.14 AMS math features
\@mathmargin=\skip43

For additional information on amsmath, use the `?' option.
(/usr/share/texlive/texmf-dist/tex/latex/amsmath/amstext.sty
Package: amstext 2000/06/29 v2.01

(/usr/share/texlive/texmf-dist/tex/latex/amsmath/amsgen.sty
File: amsgen.sty 1999/11/30 v2.0
\@emptytoks=\toks18
\ex@=\dimen111
))
(/usr/share/texlive/texmf-dist/tex/latex/amsmath/amsbsy.sty
Package: amsbsy 1999/11/29 v1.2d
\pmbraise@=\dimen112
)
(/usr/share/texlive/texmf-dist/tex/latex/amsmath/amsopn.sty
Package: amsopn 1999/12/14 v2.01 operator names
)
\inf@bad=\count91
LaTeX Info: Redefining \frac on input line 210.
\uproot@=\count92
\leftroot@=\count93
LaTeX Info: Redefining \overline on input line 306.
\classnum@=\count94
\DOTSCASE@=\count95
LaTeX Info: Redefining \ldots on input line 378.
LaTeX Info: Redefining \dots on input line 381.
LaTeX Info: Redefining \cdots on input line 466.
\Mathstrutbox@=\box26
\strutbox@=\box27
\big@size=\dimen113
LaTeX Font Info:    Redeclaring font encoding OML on input line 566.
LaTeX Font Info:    Redeclaring font encoding OMS on input line 567.
\macc@depth=\count96
\c@MaxMatrixCols=\count97
\dotsspace@=\muskip10
\c@parentequation=\count98
\dspbrk@lvl=\count99
\tag@help=\toks19
\row@=\count100
\column@=\count101
\maxfields@=\count102
\andhelp@=\toks20
\eqnshift@=\dimen114
\alignsep@=\dimen115
\tagshift@=\dimen116
\tagwidth@=\dimen117
\totwidth@=\dimen118
\lineht@=\dimen119
\@envbody=\toks21
\multlinegap=\skip44
\multlinetaggap=\skip45
\mathdisplay@stack=\toks22
LaTeX Info: Redefining \[ on input line 2665.
LaTeX Info: Redefining \] on input line 2666.
)
(/usr/share/texlive/texmf-dist/tex/latex/amsfonts/amsfonts.sty
Package: amsfonts 2013/01/14 v3.01 Basic AMSFonts support
\symAMSa=\mathgroup4
\symAMSb=\mathgroup5
LaTeX Font Info:    Overwriting math alphabet `\mathfrak' in version `bold'
(Font)                  U/euf/m/n --> U/euf/b/n on input line 106.
)
(/usr/share/texlive/texmf-dist/tex/latex/amsfonts/amssymb.sty
Package: amssymb 2013/01/14 v3.01 AMS font symbols
)
(/usr/share/texlive/texmf-dist/tex/latex/graphics/graphicx.sty
Package: graphicx 2014/04/25 v1.0g Enhanced LaTeX Graphics (DPC,SPQR)

(/usr/share/texlive/texmf-dist/tex/latex/graphics/graphics.sty
Package: graphics 2009/02/05 v1.0o Standard LaTeX Graphics (DPC,SPQR)

(/usr/share/texlive/texmf-dist/tex/latex/graphics/trig.sty
Package: trig 1999/03/16 v1.09 sin cos tan (DPC)
)
(/usr/share/texlive/texmf-dist/tex/latex/latexconfig/graphics.cfg
File: graphics.cfg 2010/04/23 v1.9 graphics configuration of TeX Live
)
Package graphics Info: Driver file: pdftex.def on input line 91.

(/usr/share/texlive/texmf-dist/tex/latex/pdftex-def/pdftex.def
File: pdftex.def 2011/05/27 v0.06d Graphics/color for pdfTeX

(/usr/share/texlive/texmf-dist/tex/generic/oberdiek/infwarerr.sty
Package: infwarerr 2010/04/08 v1.3 Providing info/warning/error messages (HO)
)
(/usr/share/texlive/texmf-dist/tex/generic/oberdiek/ltxcmds.sty
Package: ltxcmds 2011/11/09 v1.22 LaTeX kernel commands for general use (HO)
)
\Gread@gobject=\count103
))
\Gin@req@height=\dimen120
\Gin@req@width=\dimen121
)
(/usr/share/texlive/texmf-dist/tex/latex/supertabular/supertabular.sty
Package: supertabular 2004/02/20 v4.1e the supertabular environment
\c@tracingst=\count104
\ST@wd=\dimen122
\ST@rightskip=\skip46
\ST@leftskip=\skip47
\ST@parfillskip=\skip48
\ST@pageleft=\dimen123
\ST@headht=\dimen124
\ST@tailht=\dimen125
\ST@pagesofar=\dimen126
\ST@pboxht=\dimen127
\ST@lineht=\dimen128
\ST@stretchht=\dimen129
\ST@prevht=\dimen130
\ST@toadd=\dimen131
\ST@dimen=\dimen132
\ST@pbox=\box28
)
(/usr/share/texlive/texmf-dist/tex/latex/tabto-ltx/tabto.sty
Package: tabto 2013/03/25  v 1.3  Another tabbing mechanism
\CurrentLineWidth=\dimen133
)
(/usr/share/texlive/texmf-dist/tex/latex/placeins/placeins.sty
Package: placeins 2005/04/18  v 2.2
)
(/usr/share/texlive/texmf-dist/tex/latex/appendix/appendix.sty
Package: appendix 2009/09/02 v1.2b extra appendix facilities
\c@@pps=\count105
\c@@ppsavesec=\count106
\c@@ppsaveapp=\count107
) (./thesis.aux)
\openout1 = `thesis.aux'.

LaTeX Font Info:    Checking defaults for OML/cmm/m/it on input line 25.
LaTeX Font Info:    ... okay on input line 25.
LaTeX Font Info:    Checking defaults for T1/cmr/m/n on input line 25.
LaTeX Font Info:    ... okay on input line 25.
LaTeX Font Info:    Checking defaults for OT1/cmr/m/n on input line 25.
LaTeX Font Info:    ... okay on input line 25.
LaTeX Font Info:    Checking defaults for OMS/cmsy/m/n on input line 25.
LaTeX Font Info:    ... okay on input line 25.
LaTeX Font Info:    Checking defaults for OMX/cmex/m/n on input line 25.
LaTeX Font Info:    ... okay on input line 25.
LaTeX Font Info:    Checking defaults for U/cmr/m/n on input line 25.
LaTeX Font Info:    ... okay on input line 25.

*geometry* driver: auto-detecting
*geometry* detected driver: pdftex
*geometry* verbose mode - [ preamble ] result:
* driver: pdftex
* paper: a4paper
* layout: <same size as paper>
* layoutoffset:(h,v)=(0.0pt,0.0pt)
* bindingoffset: 14.45377pt
* modes: twoside 
* h-part:(L,W,R)=(72.26999pt, 438.51413pt, 72.26999pt)
* v-part:(T,H,B)=(72.26999pt, 700.50687pt, 72.26999pt)
* \paperwidth=597.50787pt
* \paperheight=845.04684pt
* \textwidth=438.51413pt
* \textheight=700.50687pt
* \oddsidemargin=14.45377pt
* \evensidemargin=0.0pt
* \topmargin=-31.8738pt
* \headheight=12.0pt
* \headsep=19.8738pt
* \topskip=12.0pt
* \footskip=18.06749pt
* \marginparwidth=88.0pt
* \marginparsep=7.0pt
* \columnsep=10.0pt
* \skip\footins=10.8pt plus 4.0pt minus 2.0pt
* \hoffset=0.0pt
* \voffset=0.0pt
* \mag=1000
* \@twocolumnfalse
* \@twosidetrue
* \@mparswitchtrue
* \@reversemarginfalse
* (1in=72.27pt=25.4mm, 1cm=28.453pt)

(/usr/share/texlive/texmf-dist/tex/context/base/supp-pdf.mkii
[Loading MPS to PDF converter (version 2006.09.02).]
\scratchcounter=\count108
\scratchdimen=\dimen134
\scratchbox=\box29
\nofMPsegments=\count109
\nofMParguments=\count110
\everyMPshowfont=\toks23
\MPscratchCnt=\count111
\MPscratchDim=\dimen135
\MPnumerator=\count112
\makeMPintoPDFobject=\count113
\everyMPtoPDFconversion=\toks24
) (/usr/share/texlive/texmf-dist/tex/generic/oberdiek/pdftexcmds.sty
Package: pdftexcmds 2011/11/29 v0.20 Utility functions of pdfTeX for LuaTeX (HO
)

(/usr/share/texlive/texmf-dist/tex/generic/oberdiek/ifluatex.sty
Package: ifluatex 2010/03/01 v1.3 Provides the ifluatex switch (HO)
Package ifluatex Info: LuaTeX not detected.
)
Package pdftexcmds Info: LuaTeX not detected.
Package pdftexcmds Info: \pdf@primitive is available.
Package pdftexcmds Info: \pdf@ifprimitive is available.
Package pdftexcmds Info: \pdfdraftmode found.
)
(/usr/share/texlive/texmf-dist/tex/latex/oberdiek/epstopdf-base.sty
Package: epstopdf-base 2010/02/09 v2.5 Base part for package epstopdf

(/usr/share/texlive/texmf-dist/tex/latex/oberdiek/grfext.sty
Package: grfext 2010/08/19 v1.1 Manage graphics extensions (HO)

(/usr/share/texlive/texmf-dist/tex/generic/oberdiek/kvdefinekeys.sty
Package: kvdefinekeys 2011/04/07 v1.3 Define keys (HO)
))
(/usr/share/texlive/texmf-dist/tex/latex/oberdiek/kvoptions.sty
Package: kvoptions 2011/06/30 v3.11 Key value format for package options (HO)

(/usr/share/texlive/texmf-dist/tex/generic/oberdiek/kvsetkeys.sty
Package: kvsetkeys 2012/04/25 v1.16 Key value parser (HO)

(/usr/share/texlive/texmf-dist/tex/generic/oberdiek/etexcmds.sty
Package: etexcmds 2011/02/16 v1.5 Avoid name clashes with e-TeX commands (HO)
Package etexcmds Info: Could not find \expanded.
(etexcmds)             That can mean that you are not using pdfTeX 1.50 or
(etexcmds)             that some package has redefined \expanded.
(etexcmds)             In the latter case, load this package earlier.
)))
Package grfext Info: Graphics extension search list:
(grfext)             [.png,.pdf,.jpg,.mps,.jpeg,.jbig2,.jb2,.PNG,.PDF,.JPG,.JPE
G,.JBIG2,.JB2,.eps]
(grfext)             \AppendGraphicsExtensions on input line 452.

(/usr/share/texlive/texmf-dist/tex/latex/latexconfig/epstopdf-sys.cfg
File: epstopdf-sys.cfg 2010/07/13 v1.3 Configuration of (r)epstopdf for TeX Liv
e
))

LaTeX Font Warning: Font shape `OT1/cmr/bx/sc' undefined
(Font)              using `OT1/cmr/bx/n' instead on input line 29.

[1



{/var/lib/texmf/fonts/map/pdftex/updmap/pdftex.map}]
LaTeX Font Info:    Try loading font information for U+msa on input line 66.

(/usr/share/texlive/texmf-dist/tex/latex/amsfonts/umsa.fd
File: umsa.fd 2013/01/14 v3.01 AMS symbols A
)
LaTeX Font Info:    Try loading font information for U+msb on input line 66.

(/usr/share/texlive/texmf-dist/tex/latex/amsfonts/umsb.fd
File: umsb.fd 2013/01/14 v3.01 AMS symbols B
)
Overfull \hbox (8.11044pt too wide) in paragraph at lines 62--96
|    [] 
 []


Underfull \hbox (badness 10000) in alignment at lines 97--102
[]
 []

[2] [3]
Underfull \hbox (badness 10000) in paragraph at lines 117--123

 []


Underfull \hbox (badness 10000) in paragraph at lines 117--123

 []


Underfull \hbox (badness 10000) in paragraph at lines 117--123

 []


Underfull \hbox (badness 10000) in paragraph at lines 117--123

 []


Underfull \hbox (badness 10000) in paragraph at lines 117--123

 []

[4

] (./thesis.toc [5

])
\tf@toc=\write3
\openout3 = `thesis.toc'.

 [6] (./thesis.lof [7

] [8]
Overfull \hbox (6.32857pt too wide) in paragraph at lines 60--60
 [][] []\OT1/cmr/m/n/12 Map of Po-si-tion Es-ti-mate Out-put With Rect-an-gu-la
r Cen-ter Pixel Method 
 []

[9])
\tf@lof=\write4
\openout4 = `thesis.lof'.

 [10] (./thesis.lot
Overfull \hbox (2.6161pt too wide) in paragraph at lines 13--13
 [][] []\OT1/cmr/m/n/12 Optimal Pitch and Roll for Rect-an-gu-lar Co-or-di-nate
 Cen-ter Pixel Method 
 []


Overfull \hbox (2.6161pt too wide) in paragraph at lines 15--15
 [][] []\OT1/cmr/m/n/12 Optimal Pitch and Roll for Rect-an-gu-lar Co-or-di-nate
 Cen-ter Pixel Method 
 []

)
\tf@lot=\write5
\openout5 = `thesis.lot'.

 [11

] [12]
Chapter 1.
<datarates.png, id=51, 586.8324pt x 442.2924pt>
File: datarates.png Graphic file (type png)
 <use datarates.png>
Package pdftex.def Info: datarates.png used on input line 150.
(pdftex.def)             Requested size: 352.10216pt x 265.37749pt.


LaTeX Warning: `!h' float specifier changed to `!ht'.

[1


] [2 <./datarates.png>]
Underfull \vbox (badness 5771) has occurred while \output is active []

 [3]
<circles.png, id=65, 582.175pt x 278.03876pt>
File: circles.png Graphic file (type png)
 <use circles.png>
Package pdftex.def Info: circles.png used on input line 171.
(pdftex.def)             Requested size: 203.7643pt x 97.31502pt.
 [4 <./circles.png>] <blocks.png, id=69, 1170.3725pt x 357.335pt>
File: blocks.png Graphic file (type png)
 <use blocks.png>
Package pdftex.def Info: blocks.png used on input line 179.
(pdftex.def)             Requested size: 409.6365pt x 125.06912pt.

Overfull \hbox (7.71596pt too wide) in paragraph at lines 185--186
[]\OT1/cmr/m/n/12 On the part of Con-trols, work per-formed by Un-der-wood and 
Thein used a differential-
 []

[5 <./blocks.png>]
Underfull \vbox (badness 10000) has occurred while \output is active []

 [6]
[7] [8

]
Chapter 2.

Overfull \hbox (1.42169pt too wide) in paragraph at lines 206--206
[]\OT1/cmr/bx/n/17.28 Attitude Ma-trix For-mu-lated Method (Com-pass
 []

<inertial.png, id=83, 637.38126pt x 441.65pt>
File: inertial.png Graphic file (type png)
 <use inertial.png>
Package pdftex.def Info: inertial.png used on input line 213.
(pdftex.def)             Requested size: 223.08678pt x 154.5798pt.


LaTeX Warning: `!h' float specifier changed to `!ht'.

<local.png, id=84, 635.37375pt x 472.76625pt>
File: local.png Graphic file (type png)
 <use local.png>
Package pdftex.def Info: local.png used on input line 220.
(pdftex.def)             Requested size: 222.38414pt x 165.47066pt.


LaTeX Warning: `!h' float specifier changed to `!ht'.

LaTeX Font Info:    Try loading font information for OMS+cmr on input line 228.

(/usr/share/texlive/texmf-dist/tex/latex/base/omscmr.fd
File: omscmr.fd 2014/09/29 v2.5h Standard LaTeX font definitions
)
LaTeX Font Info:    Font shape `OMS/cmr/m/n' in size <12> not available
(Font)              Font shape `OMS/cmsy/m/n' tried instead on input line 228.
 [9] [10 <./inertial.png> <./local.png>] [11] [12] [13] [14] [15]
<phone.png, id=115, 588.1975pt x 552.0625pt>
File: phone.png Graphic file (type png)
 <use phone.png>
Package pdftex.def Info: phone.png used on input line 484.
(pdftex.def)             Requested size: 227.62204pt x 213.63559pt.
 [16 <./phone.png>]
Overfull \hbox (23.5134pt too wide) detected at line 535
\OT1/cmr/m/n/10.95 = [] []
 []

[17] <cones.png, id=122, 465.74pt x 374.39874pt>
File: cones.png Graphic file (type png)
 <use cones.png>
Package pdftex.def Info: cones.png used on input line 573.
(pdftex.def)             Requested size: 186.2927pt x 149.75684pt.
 [18 <./cones.png>] <zenithFail.png, id=126, 586.8324pt x 442.2924pt>
File: zenithFail.png Graphic file (type png)
 <use zenithFail.png>
Package pdftex.def Info: zenithFail.png used on input line 655.
(pdftex.def)             Requested size: 302.01163pt x 227.62204pt.

<altitude.png, id=127, 524.96124pt x 387.4475pt>
File: altitude.png Graphic file (type png)
 <use altitude.png>
Package pdftex.def Info: altitude.png used on input line 662.
(pdftex.def)             Requested size: 154.20538pt x 113.81102pt.

Underfull \hbox (badness 10000) in paragraph at lines 652--667

 []

[19]
Underfull \vbox (badness 1728) has occurred while \output is active []

 [20 <./zenithFail.png> <./altitude.png>] <snells.png, id=136, 491.8375pt x 399
.4925pt>
File: snells.png Graphic file (type png)

<use snells.png>
Package pdftex.def Info: snells.png used on input line 683.
(pdftex.def)             Requested size: 196.7315pt x 159.79416pt.
 <snellGraph.png, id=137, 885.3075pt x 670.505pt>
File: snellGraph.png Graphic file (type png)

<use snellGraph.png>
Package pdftex.def Info: snellGraph.png used on input line 690.
(pdftex.def)             Requested size: 227.62204pt x 172.39351pt.


LaTeX Warning: `!h' float specifier changed to `!ht'.

<NP.png, id=138, 170.6375pt x 212.795pt>
File: NP.png Graphic file (type png)
 <use NP.png>
Package pdftex.def Info: NP.png used on input line 698.
(pdftex.def)             Requested size: 85.31853pt x 106.39723pt.
 [21 <./snells.png>]
[22 <./snellGraph.png> <./NP.png>]
<diagram.png, id=146, 645.41125pt x 185.69376pt>
File: diagram.png Graphic file (type png)
 <use diagram.png>
Package pdftex.def Info: diagram.png used on input line 739.
(pdftex.def)             Requested size: 341.43306pt x 98.23303pt.

<im60.png, id=147, 1732.4725pt x 784.9325pt>
File: im60.png Graphic file (type png)
 <use im60.png>
Package pdftex.def Info: im60.png used on input line 746.
(pdftex.def)             Requested size: 341.43306pt x 154.68411pt.

<im60a.png, id=148, 1687.30376pt x 864.22874pt>
File: im60a.png Graphic file (type png)
 <use im60a.png>
Package pdftex.def Info: im60a.png used on input line 752.
(pdftex.def)             Requested size: 341.43306pt x 174.87349pt.
 [23 <./diagram.png>] [24 <./im60.png> <./im60a.png>]
<pdeltah.png, id=156, 524.96124pt x 330.23375pt>
File: pdeltah.png Graphic file (type png)
 <use pdeltah.png>
Package pdftex.def Info: pdeltah.png used on input line 790.
(pdftex.def)             Requested size: 341.43306pt x 214.79047pt.
 [25 <./pdeltah.png>] <nsrBlocks.png, id=161, 1236.62pt x 575.14874pt>
File: nsrBlocks.png Graphic file (type png)
 <use nsrBlocks.png>
Package pdftex.def Info: nsrBlocks.png used on input line 851.
(pdftex.def)             Requested size: 432.82349pt x 201.30507pt.


LaTeX Warning: `!h' float specifier changed to `!ht'.

[26] [27 <./nsrBlocks.png>] [28

]
Chapter 3.
[29]
Overfull \hbox (7.53502pt too wide) in paragraph at lines 903--904
[]\OT1/cmr/m/n/10.95 The stars of the sum-mer tri-an-gle were sighted con-cur-r
ently from Durham, NH, ($70\OML/cmm/m/it/10.95 :\OT1/cmr/m/n/10.95 9349[]\OML/c
mm/m/it/10.95 W$\OT1/cmr/m/n/10.95 ,
 []

<convergence.png, id=174, 703.62875pt x 529.98pt>
File: convergence.png Graphic file (type png)
 <use convergence.png>
Package pdftex.def Info: convergence.png used on input line 909.
(pdftex.def)             Requested size: 302.20015pt x 227.62204pt.

[30 <./convergence.png>] <3s3t_z_z.png, id=178, 586.8324pt x 442.2924pt>
File: 3s3t_z_z.png Graphic file (type png)

<use 3s3t_z_z.png>
Package pdftex.def Info: 3s3t_z_z.png used on input line 932.
(pdftex.def)             Requested size: 302.01163pt x 227.62204pt.
 <3s3t_z_z_map.png, id=179, 586.8324pt x 442.2924pt>
File: 3s3t_z_z_map.png Graphic file (type png)

<use 3s3t_z_z_map.png>
Package pdftex.def Info: 3s3t_z_z_map.png used on input line 938.
(pdftex.def)             Requested size: 302.01163pt x 227.62204pt.


LaTeX Warning: `!h' float specifier changed to `!ht'.

[31 <./3s3t_z_z.png>] <3s1t_z_z.png, id=185, 586.8324pt x 442.2924pt>
File: 3s1t_z_z.png Graphic file (type png)

<use 3s1t_z_z.png>
Package pdftex.def Info: 3s1t_z_z.png used on input line 948.
(pdftex.def)             Requested size: 302.01163pt x 227.62204pt.
 <3s1t_z_z_map.png, id=186, 586.8324pt x 442.2924pt>
File: 3s1t_z_z_map.png Graphic file (type png)

<use 3s1t_z_z_map.png>
Package pdftex.def Info: 3s1t_z_z_map.png used on input line 954.
(pdftex.def)             Requested size: 302.01163pt x 227.62204pt.


LaTeX Warning: `!h' float specifier changed to `!ht'.

[32 <./3s3t_z_z_map.png> <./3s1t_z_z.png>]
<1s3t_z_z.png, id=192, 586.8324pt x 442.2924pt>
File: 1s3t_z_z.png Graphic file (type png)
 <use 1s3t_z_z.png>
Package pdftex.def Info: 1s3t_z_z.png used on input line 966.
(pdftex.def)             Requested size: 302.01163pt x 227.62204pt.

<1s3t_z_z_map.png, id=193, 586.8324pt x 442.2924pt>
File: 1s3t_z_z_map.png Graphic file (type png)
 <use 1s3t_z_z_map.png>
Package pdftex.def Info: 1s3t_z_z_map.png used on input line 972.
(pdftex.def)             Requested size: 302.01163pt x 227.62204pt.


LaTeX Warning: `!h' float specifier changed to `!ht'.

[33 <./3s1t_z_z_map.png> <./1s3t_z_z.png>]
<uniHist.png, id=199, 586.8324pt x 442.2924pt>
File: uniHist.png Graphic file (type png)
 <use uniHist.png>
Package pdftex.def Info: uniHist.png used on input line 987.
(pdftex.def)             Requested size: 302.01163pt x 227.62204pt.


LaTeX Warning: `!h' float specifier changed to `!ht'.

[34 <./1s3t_z_z_map.png>] [35 <./uniHist.png>]
<3s3t_case1.png, id=208, 586.8324pt x 442.2924pt>
File: 3s3t_case1.png Graphic file (type png)
 <use 3s3t_case1.png>
Package pdftex.def Info: 3s3t_case1.png used on input line 1045.
(pdftex.def)             Requested size: 302.01163pt x 227.62204pt.

<3s3t_case2.png, id=209, 586.8324pt x 442.2924pt>
File: 3s3t_case2.png Graphic file (type png)
 <use 3s3t_case2.png>
Package pdftex.def Info: 3s3t_case2.png used on input line 1051.
(pdftex.def)             Requested size: 302.01163pt x 227.62204pt.


LaTeX Warning: `!h' float specifier changed to `!ht'.

[36 <./3s3t_case1.png>]
<3s1t_single_total_noise.png, id=214, 586.8324pt x 442.2924pt>
File: 3s1t_single_total_noise.png Graphic file (type png)

<use 3s1t_single_total_noise.png>
Package pdftex.def Info: 3s1t_single_total_noise.png used on input line 1066.
(pdftex.def)             Requested size: 377.51454pt x 284.52756pt.
 [37 <./3s3t_case2.png>]
<3s1t_single_case2_noise.png, id=220, 586.8324pt x 442.2924pt>
File: 3s1t_single_case2_noise.png Graphic file (type png)

<use 3s1t_single_case2_noise.png>
Package pdftex.def Info: 3s1t_single_case2_noise.png used on input line 1073.
(pdftex.def)             Requested size: 377.51454pt x 284.52756pt.
 [38 <./3s1t_single_total_noise.png>]
<1s3t_case1_noise.png, id=226, 586.8324pt x 442.2924pt>
File: 1s3t_case1_noise.png Graphic file (type png)

<use 1s3t_case1_noise.png>
Package pdftex.def Info: 1s3t_case1_noise.png used on input line 1082.
(pdftex.def)             Requested size: 377.51454pt x 284.52756pt.

<1s3t_case2_noise.png, id=227, 586.8324pt x 442.2924pt>
File: 1s3t_case2_noise.png Graphic file (type png)

<use 1s3t_case2_noise.png>
Package pdftex.def Info: 1s3t_case2_noise.png used on input line 1089.
(pdftex.def)             Requested size: 377.51454pt x 284.52756pt.
 [39 <./3s1t_single_case2_noise.png>] [40 <./1s3t_case1_noise.png> <./1s3t_case
2_noise.png>]
<biasShift.png, id=237, 586.8324pt x 442.2924pt>
File: biasShift.png Graphic file (type png)
 <use biasShift.png>
Package pdftex.def Info: biasShift.png used on input line 1130.
(pdftex.def)             Requested size: 302.01163pt x 227.62204pt.

<biasLon.png, id=238, 586.8324pt x 442.2924pt>
File: biasLon.png Graphic file (type png)
 <use biasLon.png>
Package pdftex.def Info: biasLon.png used on input line 1152.
(pdftex.def)             Requested size: 302.01163pt x 227.62204pt.

<biasLat.png, id=239, 586.8324pt x 442.2924pt>
File: biasLat.png Graphic file (type png)
 <use biasLat.png>
Package pdftex.def Info: biasLat.png used on input line 1159.
(pdftex.def)             Requested size: 302.01163pt x 227.62204pt.
 [41

 <./biasShift.png>] [42 <./biasLon.png>]
<nonUniformBias.png, id=248, 586.8324pt x 442.2924pt>
File: nonUniformBias.png Graphic file (type png)
 <use nonUniformBias.png>
Package pdftex.def Info: nonUniformBias.png used on input line 1170.
(pdftex.def)             Requested size: 302.01163pt x 227.62204pt.

Underfull \vbox (badness 1565) has occurred while \output is active []

 [43 <./biasLat.png> <./nonUniformBias.png>] [44]
Chapter 4.
[45

] <setup.png, id=261, 1297.84875pt x 695.59875pt>
File: setup.png Graphic file (type png)
 <use setup.png>
Package pdftex.def Info: setup.png used on input line 1194.
(pdftex.def)             Requested size: 284.52756pt x 152.49088pt.

<manyPitchAngles.png, id=262, 586.8324pt x 442.2924pt>
File: manyPitchAngles.png Graphic file (type png)

<use manyPitchAngles.png>
Package pdftex.def Info: manyPitchAngles.png used on input line 1203.
(pdftex.def)             Requested size: 284.52756pt x 214.45082pt.
 <filterblock.png, id=263, 1256.695pt x 344.28625pt>
File: filterblock.png Graphic file (type png)

<use filterblock.png>
Package pdftex.def Info: filterblock.png used on input line 1210.
(pdftex.def)             Requested size: 415.42014pt x 113.81102pt.
 <savgolay.png, id=264, 586.8324pt x 442.2924pt>
File: savgolay.png Graphic file (type png)

<use savgolay.png>
Package pdftex.def Info: savgolay.png used on input line 1217.
(pdftex.def)             Requested size: 284.52756pt x 214.45082pt.
 [46 <./setup.png>] [47 <./manyPitchAngles.png> <./filterblock.png>] <firstorde
r0.png, id=272, 586.8324pt x 442.2924pt>
File: firstorder0.png Graphic file (type png)

<use firstorder0.png>
Package pdftex.def Info: firstorder0.png used on input line 1239.
(pdftex.def)             Requested size: 284.52756pt x 214.45082pt.
 [48 <./savgolay.png>]
Overfull \hbox (7.39362pt too wide) in paragraph at lines 1252--1252
[]\OT1/cmr/bx/n/17.28 Simulating Ex-per-i-men-tal Noise and Un-cer-tainty
 []

[49 <./firstorder0.png>]
Underfull \hbox (badness 10000) in paragraph at lines 1258--1261

 []

<map2222.png, id=282, 586.8324pt x 442.2924pt>
File: map2222.png Graphic file (type png)
 <use map2222.png>
Package pdftex.def Info: map2222.png used on input line 1288.
(pdftex.def)             Requested size: 302.01163pt x 227.62204pt.


LaTeX Warning: `!h' float specifier changed to `!ht'.

[50] <software.png, id=286, 1223.57124pt x 577.15625pt>
File: software.png Graphic file (type png)
 <use software.png>
Package pdftex.def Info: software.png used on input line 1299.
(pdftex.def)             Requested size: 271.4456pt x 128.0374pt.

[51 <./map2222.png> <./software.png>]
<centroids.png, id=291, 715.67375pt x 476.78125pt>
File: centroids.png Graphic file (type png)
 <use centroids.png>
Package pdftex.def Info: centroids.png used on input line 1310.
(pdftex.def)             Requested size: 284.52756pt x 189.55237pt.
 [52]
<pyramids.png, id=295, 846.16125pt x 565.11125pt>
File: pyramids.png Graphic file (type png)
 <use pyramids.png>
Package pdftex.def Info: pyramids.png used on input line 1318.
(pdftex.def)             Requested size: 227.62204pt x 152.01295pt.
 [53 <./centroids.png> <./pyramids.png>]
<smallAngle.png, id=299, 586.8324pt x 442.2924pt>
File: smallAngle.png Graphic file (type png)
 <use smallAngle.png>
Package pdftex.def Info: smallAngle.png used on input line 1338.
(pdftex.def)             Requested size: 284.52756pt x 214.45082pt.

<smallAngleO.png, id=300, 586.8324pt x 442.2924pt>
File: smallAngleO.png Graphic file (type png)
 <use smallAngleO.png>
Package pdftex.def Info: smallAngleO.png used on input line 1344.
(pdftex.def)             Requested size: 284.52756pt x 214.45082pt.

<trigabsrel.png, id=301, 586.8324pt x 442.2924pt>
File: trigabsrel.png Graphic file (type png)
 <use trigabsrel.png>
Package pdftex.def Info: trigabsrel.png used on input line 1351.
(pdftex.def)             Requested size: 284.52756pt x 214.45082pt.
 [54 <./smallAngle.png>] <maxradius.png, id=306, 3886.52pt x 2601.72pt>
File: maxradius.png Graphic file (type png)

<use maxradius.png>
Package pdftex.def Info: maxradius.png used on input line 1359.
(pdftex.def)             Requested size: 425.02779pt x 284.52756pt.
 [55 <./smallAngleO.png> <./trigabsrel.png>]
<nomods.png, id=313, 586.8324pt x 442.2924pt>
File: nomods.png Graphic file (type png)
 <use nomods.png>
Package pdftex.def Info: nomods.png used on input line 1383.
(pdftex.def)             Requested size: 302.01163pt x 227.62204pt.
 [56 <./maxradius.png (PNG copy)>] <pitched_map.png, id=317, 586.8324pt x 442.2
924pt>
File: pitched_map.png Graphic file (type png)

<use pitched_map.png>
Package pdftex.def Info: pitched_map.png used on input line 1392.
(pdftex.def)             Requested size: 302.01163pt x 227.62204pt.
 [57 <./nomods.png>]
<rollmod.png, id=322, 446.66875pt x 713.66624pt>
File: rollmod.png Graphic file (type png)
 <use rollmod.png>
Package pdftex.def Info: rollmod.png used on input line 1414.
(pdftex.def)             Requested size: 142.45982pt x 227.62204pt.

Underfull \vbox (badness 3701) has occurred while \output is active []

 [58 <./pitched_map.png> <./rollmod.png>] <singleCost.png, id=327, 449.68pt x 3
37.26pt>
File: singleCost.png Graphic file (type png)

<use singleCost.png>
Package pdftex.def Info: singleCost.png used on input line 1430.
(pdftex.def)             Requested size: 303.5003pt x 227.62204pt.
 <sumCost.png, id=328, 449.68pt x 337.26pt>
File: sumCost.png Graphic file (type png)

<use sumCost.png>
Package pdftex.def Info: sumCost.png used on input line 1436.
(pdftex.def)             Requested size: 303.5003pt x 227.62204pt.
 [59 <./singleCost.png (PNG copy)>] [60 <./sumCost.png (PNG copy)>] <optimalRec
tangular.png, id=336, 586.8324pt x 442.2924pt>
File: optimalRectangular.png Graphic file (type png)

<use optimalRectangular.png>
Package pdftex.def Info: optimalRectangular.png used on input line 1467.
(pdftex.def)             Requested size: 377.51454pt x 284.52756pt.

<rectMeanEst_map.png, id=337, 586.8324pt x 442.2924pt>
File: rectMeanEst_map.png Graphic file (type png)

<use rectMeanEst_map.png>
Package pdftex.def Info: rectMeanEst_map.png used on input line 1486.
(pdftex.def)             Requested size: 377.51454pt x 284.52756pt.
 [61 <./optimalRectangular.png>]
<rectMeanParams_map.png, id=343, 586.8324pt x 442.2924pt>
File: rectMeanParams_map.png Graphic file (type png)

<use rectMeanParams_map.png>
Package pdftex.def Info: rectMeanParams_map.png used on input line 1508.
(pdftex.def)             Requested size: 377.51454pt x 284.52756pt.
 <cool.png, id=344, 677.53125pt x 261.97874pt>
File: cool.png Graphic file (type png)

<use cool.png>
Package pdftex.def Info: cool.png used on input line 1515.
(pdftex.def)             Requested size: 441.51697pt x 170.71652pt.

Overfull \hbox (3.00284pt too wide) in paragraph at lines 1515--1516
 [][] 
 []

[62 <./rectMeanEst_map.png>]

LaTeX Warning: Text page 63 contains only floats.

[63 <./rectMeanParams_map.png> <./cool.png>]
<GP.jpg, id=353, 1042.31662pt x 1042.31662pt>
File: GP.jpg Graphic file (type jpg)
 <use GP.jpg>
Package pdftex.def Info: GP.jpg used on input line 1525.
(pdftex.def)             Requested size: 170.70247pt x 170.71652pt.
 [64 <./GP.jpg>]
<gnomCost.png, id=357, 449.68pt x 337.26pt>
File: gnomCost.png Graphic file (type png)
 <use gnomCost.png>
Package pdftex.def Info: gnomCost.png used on input line 1547.
(pdftex.def)             Requested size: 303.5003pt x 227.62204pt.

<gnomRaw_map.png, id=358, 586.8324pt x 442.2924pt>
File: gnomRaw_map.png Graphic file (type png)
 <use gnomRaw_map.png>
Package pdftex.def Info: gnomRaw_map.png used on input line 1570.
(pdftex.def)             Requested size: 377.51454pt x 284.52756pt.

[65 <./gnomCost.png (PNG copy)>]
<gnomOptimal_map.png, id=362, 586.8324pt x 442.2924pt>
File: gnomOptimal_map.png Graphic file (type png)

<use gnomOptimal_map.png>
Package pdftex.def Info: gnomOptimal_map.png used on input line 1590.
(pdftex.def)             Requested size: 377.51454pt x 284.52756pt.
 [66 <./gnomRaw_map.png>] [67 <./gnomOptimal_map.png>] [68

]
Chapter 5.
<unbiasedBars.jpg, id=375, 562.1pt x 421.575pt>
File: unbiasedBars.jpg Graphic file (type jpg)
 <use unbiasedBars.jpg>
Package pdftex.def Info: unbiasedBars.jpg used on input line 1617.
(pdftex.def)             Requested size: 379.3754pt x 284.52756pt.

<meanParamBars.jpg, id=376, 562.1pt x 421.575pt>
File: meanParamBars.jpg Graphic file (type jpg)
 <use meanParamBars.jpg>
Package pdftex.def Info: meanParamBars.jpg used on input line 1622.
(pdftex.def)             Requested size: 379.3754pt x 284.52756pt.

[69]

LaTeX Warning: Text page 70 contains only floats.

[70 <./unbiasedBars.jpg> <./meanParamBars.jpg>]
<errorCirclesFar.png, id=383, 449.68pt x 337.26pt>
File: errorCirclesFar.png Graphic file (type png)
 <use errorCirclesFar.png>
Package pdftex.def Info: errorCirclesFar.png used on input line 1630.
(pdftex.def)             Requested size: 379.3754pt x 284.52756pt.

<errorCirclesClose.png, id=384, 449.68pt x 337.26pt>
File: errorCirclesClose.png Graphic file (type png)

<use errorCirclesClose.png>
Package pdftex.def Info: errorCirclesClose.png used on input line 1637.
(pdftex.def)             Requested size: 379.3754pt x 284.52756pt.
 [71]
Overfull \vbox (24.35841pt too high) has occurred while \output is active []


[72 <./errorCirclesFar.png (PNG copy)> <./errorCirclesClose.png (PNG copy)>]
<timeVariation.jpg, id=391, 562.1pt x 421.575pt>
File: timeVariation.jpg Graphic file (type jpg)
 <use timeVariation.jpg>
Package pdftex.def Info: timeVariation.jpg used on input line 1696.
(pdftex.def)             Requested size: 379.3754pt x 284.52756pt.

[73] [74 <./timeVariation.jpg>] <errorArc.png, id=399, 449.68pt x 337.26pt>
File: errorArc.png Graphic file (type png)

<use errorArc.png>
Package pdftex.def Info: errorArc.png used on input line 1716.
(pdftex.def)             Requested size: 379.3754pt x 284.52756pt.
 [75 <./errorArc.png (PNG copy)>] [76]
Chapter 6.

Underfull \vbox (badness 5741) has occurred while \output is active []

 [77

]
[78] [79

] [80] [81] [82

] [83

] [84]
Appendix A.
<pitch.png, id=431, 590.205pt x 461.725pt>
File: pitch.png Graphic file (type png)
 <use pitch.png>
Package pdftex.def Info: pitch.png used on input line 1847.
(pdftex.def)             Requested size: 218.21933pt x 170.71652pt.

<roll.png, id=432, 812.03375pt x 450.68375pt>
File: roll.png Graphic file (type png)
 <use roll.png>
Package pdftex.def Info: roll.png used on input line 1853.
(pdftex.def)             Requested size: 307.59717pt x 170.71652pt.

<yaw.png, id=433, 805.0075pt x 453.695pt>
File: yaw.png Graphic file (type png)
 <use yaw.png>
Package pdftex.def Info: yaw.png used on input line 1859.
(pdftex.def)             Requested size: 302.90887pt x 170.71652pt.
 [85

 <./pitch.png>]
[86 <./roll.png> <./yaw.png>]
Appendix B.
[87

]
Underfull \vbox (badness 10000) has occurred while \output is active []

 [88]
Underfull \vbox (badness 10000) has occurred while \output is active []

 [89]
Overfull \hbox (4.13483pt too wide) in paragraph at lines 2317--2317
[]    \OT1/cmtt/m/n/10.95 # this class defines the observations that we get fro
m the sextant or CNC[] 
 []


Underfull \vbox (badness 10000) has occurred while \output is active []

 [90]
Underfull \vbox (badness 10000) has occurred while \output is active []

 [91]
Overfull \hbox (32.87827pt too wide) in paragraph at lines 2317--2317
[]        \OT1/cmtt/m/n/10.95 lng = longEst + ((self.hourTea*(self.v/60)*sind(s
elf.track))/cosd(latEst))[] 
 []


Underfull \vbox (badness 10000) has occurred while \output is active []

 [92]
Underfull \vbox (badness 10000) has occurred while \output is active []

 [93]
Underfull \vbox (badness 10000) has occurred while \output is active []

 [94]
Underfull \vbox (badness 10000) has occurred while \output is active []

 [95]
Overfull \hbox (9.88351pt too wide) in paragraph at lines 2317--2317
[]    \OT1/cmtt/m/n/10.95 [D.append(intercepts[i]*cosd(azimuth[i])) for i in ra
nge(0, len(azimuth))][] 
 []


Overfull \hbox (9.88351pt too wide) in paragraph at lines 2317--2317
[]    \OT1/cmtt/m/n/10.95 [E.append(intercepts[i]*sind(azimuth[i])) for i in ra
nge(0, len(azimuth))][] 
 []


Underfull \vbox (badness 10000) has occurred while \output is active []

 [96]
Overfull \hbox (9.88351pt too wide) in paragraph at lines 2317--2317
[]    \OT1/cmtt/m/n/10.95 d = 60*m.sqrt((newLong-oldLong)**2*cosd(oldLat)**2 + 
(newLat - oldLat)**2)[] 
 []


Underfull \vbox (badness 10000) has occurred while \output is active []

 [97]
Underfull \vbox (badness 10000) has occurred while \output is active []

 [98]
Overfull \hbox (15.6322pt too wide) in paragraph at lines 2317--2317
[]                 \OT1/cmtt/m/n/10.95 #t          h0                          
    sha           gha0[] 
 []


Overfull \hbox (9.88351pt too wide) in paragraph at lines 2317--2317
[]        \OT1/cmtt/m/n/10.95 regulus = Observation([20, 39, 23], 27.2674 ,[207
, 42.3], [222, 30.6],[] 
 []


Overfull \hbox (15.6322pt too wide) in paragraph at lines 2317--2317
[]        \OT1/cmtt/m/n/10.95 antares = Observation([20, 45, 47], 25.8742 , [11
2, 24.2], [222, 30.6],[] 
 []


Overfull \hbox (9.88351pt too wide) in paragraph at lines 2317--2317
[]        \OT1/cmtt/m/n/10.95 kochab = Observation([21, 10, 34], 47.5309 , [137
, 19.7], [237, 33.1],[] 
 []


Underfull \vbox (badness 10000) has occurred while \output is active []

 [99]
Overfull \hbox (9.88351pt too wide) in paragraph at lines 2317--2317
[]        \OT1/cmtt/m/n/10.95 meanBias =5.356 # total amount of diff. i need to
 get out of my system[] 
 []

[100]
Appendix C.
[101

]
Underfull \vbox (badness 10000) has occurred while \output is active []

 [102]
Overfull \hbox (21.38089pt too wide) in paragraph at lines 2616--2616
[]        \OT1/cmtt/m/n/10.95 # the reason we set equal c.upload to a variable 
is because it returns a[] 
 []


Underfull \vbox (badness 10000) has occurred while \output is active []

 [103]
Overfull \hbox (9.88351pt too wide) in paragraph at lines 2616--2616
[]    \OT1/cmtt/m/n/10.95 # this function calls astrometry with certain options
 and puts a .wcs file[] 
 []


Underfull \vbox (badness 10000) has occurred while \output is active []

 [104]
Underfull \vbox (badness 10000) has occurred while \output is active []

 [105]
Overfull \hbox (9.88351pt too wide) in paragraph at lines 2616--2616
[]    \OT1/cmtt/m/n/10.95 shortList = [] # make a short list of the stars we're
 really interested in[] 
 []


Overfull \hbox (9.88351pt too wide) in paragraph at lines 2616--2616
[]        \OT1/cmtt/m/n/10.95 # if the star has an alternate name its probably 
big or bright or both[] 
 []


Overfull \hbox (44.37564pt too wide) in paragraph at lines 2616--2616
[]        \OT1/cmtt/m/n/10.95 # i think the order we do the roll and pitch oper
ations is kind of important[] 
 []


Underfull \vbox (badness 10000) has occurred while \output is active []

 [106]
Underfull \vbox (badness 10000) has occurred while \output is active []

 [107]
Underfull \vbox (badness 10000) has occurred while \output is active []

 [108]
Overfull \hbox (15.6322pt too wide) in paragraph at lines 2616--2616
[]        \OT1/cmtt/m/n/10.95 observations.append(ST.Observation(t0,Ho, sha, gh
a0, gha1, dec, pitch))[] 
 []


Overfull \hbox (4.13483pt too wide) in paragraph at lines 2616--2616
[]        \OT1/cmtt/m/n/10.95 f.write('%s,%s,%s,%s,%s,%s,%s,%s,%s\n'%(x['ho'],x
['newx'], x['newy'],[] 
 []


Underfull \vbox (badness 10000) has occurred while \output is active []

 [109]
[110]
Appendix D.
[111

]
Underfull \vbox (badness 10000) has occurred while \output is active []

 [112]
Overfull \hbox (38.62695pt too wide) in paragraph at lines 2717--2717
[]        \OT1/cmtt/m/n/10.95 newy(i,j) = (-x(n)*sind(tht) + (y(n) +(pitch+pitc
hOff(j)*K))*cosd(tht));%+;[] 
 []


Underfull \vbox (badness 10000) has occurred while \output is active []

 [113]
[114] (./thesis.aux)

LaTeX Font Warning: Some font shapes were not available, defaults substituted.

 ) 
Here is how much of TeX's memory you used:
 3896 strings out of 494977
 52592 string characters out of 6180184
 121926 words of memory out of 5000000
 6962 multiletter control sequences out of 15000+600000
 19160 words of font info for 73 fonts, out of 8000000 for 9000
 36 hyphenation exceptions out of 8191
 38i,11n,24p,1465b,295s stack positions out of 5000i,500n,10000p,200000b,80000s
</usr/share/texlive/texmf-dist/fonts/type1/public/amsfonts/cm/cmbx10.pfb></us
r/share/texlive/texmf-dist/fonts/type1/public/amsfonts/cm/cmbx12.pfb></usr/shar
e/texlive/texmf-dist/fonts/type1/public/amsfonts/cm/cmcsc10.pfb></usr/share/tex
live/texmf-dist/fonts/type1/public/amsfonts/cm/cmex10.pfb></usr/share/texlive/t
exmf-dist/fonts/type1/public/amsfonts/cmextra/cmex8.pfb></usr/share/texlive/tex
mf-dist/fonts/type1/public/amsfonts/cm/cmmi10.pfb></usr/share/texlive/texmf-dis
t/fonts/type1/public/amsfonts/cm/cmmi12.pfb></usr/share/texlive/texmf-dist/font
s/type1/public/amsfonts/cm/cmmi6.pfb></usr/share/texlive/texmf-dist/fonts/type1
/public/amsfonts/cm/cmmi8.pfb></usr/share/texlive/texmf-dist/fonts/type1/public
/amsfonts/cm/cmr10.pfb></usr/share/texlive/texmf-dist/fonts/type1/public/amsfon
ts/cm/cmr12.pfb></usr/share/texlive/texmf-dist/fonts/type1/public/amsfonts/cm/c
mr17.pfb></usr/share/texlive/texmf-dist/fonts/type1/public/amsfonts/cm/cmr6.pfb
></usr/share/texlive/texmf-dist/fonts/type1/public/amsfonts/cm/cmr8.pfb></usr/s
hare/texlive/texmf-dist/fonts/type1/public/amsfonts/cm/cmsy10.pfb></usr/share/t
exlive/texmf-dist/fonts/type1/public/amsfonts/cm/cmsy5.pfb></usr/share/texlive/
texmf-dist/fonts/type1/public/amsfonts/cm/cmsy6.pfb></usr/share/texlive/texmf-d
ist/fonts/type1/public/amsfonts/cm/cmsy8.pfb></usr/share/texlive/texmf-dist/fon
ts/type1/public/amsfonts/cm/cmti10.pfb></usr/share/texlive/texmf-dist/fonts/typ
e1/public/amsfonts/cm/cmti12.pfb></usr/share/texlive/texmf-dist/fonts/type1/pub
lic/amsfonts/cm/cmtt10.pfb></usr/share/texlive/texmf-dist/fonts/type1/public/am
sfonts/symbols/msbm10.pfb>
Output written on thesis.pdf (126 pages, 16010998 bytes).
PDF statistics:
 604 PDF objects out of 1000 (max. 8388607)
 346 compressed objects within 4 object streams
 0 named destinations out of 1000 (max. 500000)
 351 words of extra memory for PDF output out of 10000 (max. 10000000)

